<?xml version="1.0" encoding="UTF-8"?>
<!-- Generated by org.testng.reporters.JUnitReportReporter -->
<testsuite hostname="DESKTOP-EQU2FBL" name="log4j.LoggerControlTest" tests="1" failures="0" timestamp="23 Jun 2019 16:38:11 GMT" time="0.003" errors="0">
  <testcase name="testcase" time="0.003" classname="log4j.LoggerControlTest"/>
</testsuite> <!-- log4j.LoggerControlTest -->
