<?xml version="1.0" encoding="UTF-8"?>
<!-- Generated by org.testng.reporters.JUnitReportReporter -->
<testsuite hostname="DESKTOP-EQU2FBL" name="com.selen.day1.ChromeTest" tests="2" failures="0" timestamp="23 Jun 2019 16:38:11 GMT" time="9.042" errors="0">
  <testcase name="FirefoxTest" time="5.545" classname="com.selen.day1.ChromeTest"/>
  <testcase name="Chrome" time="3.497" classname="com.selen.day1.ChromeTest"/>
</testsuite> <!-- com.selen.day1.ChromeTest -->
