<?xml version="1.0" encoding="UTF-8"?>
<!-- Generated by org.testng.reporters.JUnitReportReporter -->
<testsuite hostname="DESKTOP-EQU2FBL" name="com.selen.day1.ClickTest" tests="1" failures="0" timestamp="23 Jun 2019 16:38:11 GMT" time="3.016" errors="0">
  <testcase name="Click" time="3.016" classname="com.selen.day1.ClickTest"/>
</testsuite> <!-- com.selen.day1.ClickTest -->
