<?xml version="1.0" encoding="UTF-8"?>
<!-- Generated by org.testng.reporters.JUnitReportReporter -->
<testsuite hostname="DESKTOP-EQU2FBL" name="test1.BrowserTest" tests="1" failures="0" timestamp="23 Jun 2019 16:38:11 GMT" time="5.344" errors="0">
  <testcase name="open" time="5.344" classname="test1.BrowserTest"/>
</testsuite> <!-- test1.BrowserTest -->
